Arguments: 
  C:\Program Files\nodejs\node.exe C:\Program Files (x86)\Yarn\bin\yarn.js add jsonwebtoken pg typeorm reflect-metadat

PATH: 
  C:\Users\rodolfo.silva\bin;C:\Users\rodolfo.silva\AppData\Local\Programs\Git\mingw64\bin;C:\Users\rodolfo.silva\AppData\Local\Programs\Git\usr\local\bin;C:\Users\rodolfo.silva\AppData\Local\Programs\Git\usr\bin;C:\Users\rodolfo.silva\AppData\Local\Programs\Git\usr\bin;C:\Users\rodolfo.silva\AppData\Local\Programs\Git\mingw64\bin;C:\Users\rodolfo.silva\AppData\Local\Programs\Git\usr\bin;C:\Users\rodolfo.silva\bin;C:\WINDOWS\system32;C:\WINDOWS;C:\WINDOWS\System32\Wbem;C:\WINDOWS\System32\WindowsPowerShell\v1.0;C:\WINDOWS\System32\OpenSSH;C:\Program Files (x86)\Microsoft SQL Server\150\DTS\Binn;C:\Program Files\Microsoft SQL Server\130\Tools\Binn;C:\Program Files\Microsoft SQL Server\Client SDK\ODBC\170\Tools\Binn;C:\Program Files (x86)\Microsoft SQL Server\150\Tools\Binn;C:\Program Files\Microsoft SQL Server\150\Tools\Binn;C:\Program Files\Microsoft SQL Server\150\DTS\Binn;C:\Program Files\dotnet;C:\Program Files\nodejs;C:\Program Files (x86)\Yarn\bin;C:\Users\rodolfo.silva\AppData\Local\Microsoft\WindowsApps;C:\Users\rodolfo.silva\AppData\Local\Programs\Microsoft VS Code\bin;C:\Users\rodolfo.silva\AppData\Roaming\npm;C:\Users\rodolfo.silva\AppData\Local\Programs\Git\cmd;C:\Users\rodolfo.silva\AppData\Local\Yarn\bin;C:\Users\rodolfo.silva\.dotnet\tools;C:\Program Files (x86)\EaseUS\Todo Backup\bin\x64;C:\Users\rodolfo.silva\AppData\Local\Programs\Git\usr\bin\vendor_perl;C:\Users\rodolfo.silva\AppData\Local\Programs\Git\usr\bin\core_perl

Yarn version: 
  1.22.5

Node version: 
  12.19.0

Platform: 
  win32 x64

Trace: 
  Error: https://registry.yarnpkg.com/reflect-metadat: Not found
      at Request.params.callback [as _callback] (C:\Program Files (x86)\Yarn\lib\cli.js:66097:18)
      at Request.self.callback (C:\Program Files (x86)\Yarn\lib\cli.js:140749:22)
      at Request.emit (events.js:314:20)
      at Request.<anonymous> (C:\Program Files (x86)\Yarn\lib\cli.js:141721:10)
      at Request.emit (events.js:314:20)
      at IncomingMessage.<anonymous> (C:\Program Files (x86)\Yarn\lib\cli.js:141643:12)
      at Object.onceWrapper (events.js:420:28)
      at IncomingMessage.emit (events.js:326:22)
      at endReadableNT (_stream_readable.js:1223:12)
      at processTicksAndRejections (internal/process/task_queues.js:84:21)

npm manifest: 
  {
    "name": "matilha-backend",
    "version": "1.0.0",
    "main": "index.js",
    "license": "MIT"
  }

yarn manifest: 
  No manifest

Lockfile: 
  No lockfile
